# JRE version: OpenJDK Runtime Environment (17.0.6) (build 17.0.6+0-b2043.56-9586694)
# Java VM: OpenJDK 64-Bit Server VM (17.0.6+0-b2043.56-9586694, mixed mode, tiered, compressed oops, compressed class ptrs, g1 gc, windows-amd64)
GC Precious Log:
 CPUs: 4 total, 4 available
 Memory: 8086M
 Large Page Support: Disabled
 NUMA Support: Disabled
 Compressed Oops: Enabled (32-bit)
 Heap Region Size: 1M
 Heap Min Capacity: 8M
 Heap Initial Capacity: 128M
 Heap Max Capacity: 2G
 Pre-touch: Disabled
 Parallel Workers: 4
 Concurrent Workers: 1
 Concurrent Refinement Workers: 4
 Periodic GC: Disabled
Heap:
 garbage-first heap   total 252928K, used 187660K [0x0000000080000000, 0x0000000100000000)
  region size 1024K, 4 young (4096K), 4 survivors (4096K)
 Metaspace       used 101345K, committed 102080K, reserved 1138688K
  class space    used 13957K, committed 14272K, reserved 1048576K
GC Heap History (20 events):
Event: 31.685 GC heap after
{Heap after GC invocations=42 (full 0):
 garbage-first heap   total 154624K, used 59441K [0x0000000080000000, 0x0000000100000000)
  region size 1024K, 4 young (4096K), 4 survivors (4096K)
 Metaspace       used 74962K, committed 75520K, reserved 1114112K
  class space    used 10146K, committed 10432K, reserved 1048576K
}
Event: 33.566 GC heap before
{Heap before GC invocations=42 (full 0):
 garbage-first heap   total 154624K, used 115761K [0x0000000080000000, 0x0000000100000000)
  region size 1024K, 59 young (60416K), 4 survivors (4096K)
 Metaspace       used 81135K, committed 81792K, reserved 1122304K
  class space    used 11039K, committed 11328K, reserved 1048576K
}
Event: 33.585 GC heap after
{Heap after GC invocations=43 (full 0):
 garbage-first heap   total 154624K, used 63624K [0x0000000080000000, 0x0000000100000000)
  region size 1024K, 8 young (8192K), 8 survivors (8192K)
 Metaspace       used 81135K, committed 81792K, reserved 1122304K
  class space    used 11039K, committed 11328K, reserved 1048576K
}
Event: 34.704 GC heap before
{Heap before GC invocations=43 (full 0):
 garbage-first heap   total 154624K, used 118920K [0x0000000080000000, 0x0000000100000000)
  region size 1024K, 62 young (63488K), 8 survivors (8192K)
 Metaspace       used 83050K, committed 83648K, reserved 1122304K
  class space    used 11398K, committed 11648K, reserved 1048576K
}
Event: 34.731 GC heap after
{Heap after GC invocations=44 (full 0):
 garbage-first heap   total 154624K, used 71725K [0x0000000080000000, 0x0000000100000000)
  region size 1024K, 8 young (8192K), 8 survivors (8192K)
 Metaspace       used 83050K, committed 83648K, reserved 1122304K
  class space    used 11398K, committed 11648K, reserved 1048576K
}
Event: 36.313 GC heap before
{Heap before GC invocations=44 (full 0):
 garbage-first heap   total 154624K, used 117805K [0x0000000080000000, 0x0000000100000000)
  region size 1024K, 54 young (55296K), 8 survivors (8192K)
 Metaspace       used 84230K, committed 84864K, reserved 1130496K
  class space    used 11543K, committed 11840K, reserved 1048576K
}
Event: 36.338 GC heap after
{Heap after GC invocations=45 (full 0):
 garbage-first heap   total 154624K, used 76522K [0x0000000080000000, 0x0000000100000000)
  region size 1024K, 5 young (5120K), 5 survivors (5120K)
 Metaspace       used 84230K, committed 84864K, reserved 1130496K
  class space    used 11543K, committed 11840K, reserved 1048576K
}
Event: 38.084 GC heap before
{Heap before GC invocations=45 (full 0):
 garbage-first heap   total 154624K, used 120554K [0x0000000080000000, 0x0000000100000000)
  region size 1024K, 49 young (50176K), 5 survivors (5120K)
 Metaspace       used 85032K, committed 85696K, reserved 1130496K
  class space    used 11612K, committed 11904K, reserved 1048576K
}
Event: 38.098 GC heap after
{Heap after GC invocations=46 (full 0):
 garbage-first heap   total 237568K, used 79543K [0x0000000080000000, 0x0000000100000000)
  region size 1024K, 4 young (4096K), 4 survivors (4096K)
 Metaspace       used 85032K, committed 85696K, reserved 1130496K
  class space    used 11612K, committed 11904K, reserved 1048576K
}
Event: 41.061 GC heap before
{Heap before GC invocations=46 (full 0):
 garbage-first heap   total 237568K, used 206519K [0x0000000080000000, 0x0000000100000000)
  region size 1024K, 109 young (111616K), 4 survivors (4096K)
 Metaspace       used 93885K, committed 94592K, reserved 1138688K
  class space    used 12765K, committed 13056K, reserved 1048576K
}
Event: 41.089 GC heap after
{Heap after GC invocations=47 (full 0):
 garbage-first heap   total 237568K, used 106145K [0x0000000080000000, 0x0000000100000000)
  region size 1024K, 14 young (14336K), 14 survivors (14336K)
 Metaspace       used 93885K, committed 94592K, reserved 1138688K
  class space    used 12765K, committed 13056K, reserved 1048576K
}
Event: 42.389 GC heap before
{Heap before GC invocations=47 (full 0):
 garbage-first heap   total 237568K, used 208545K [0x0000000080000000, 0x0000000100000000)
  region size 1024K, 94 young (96256K), 14 survivors (14336K)
 Metaspace       used 97382K, committed 98112K, reserved 1138688K
  class space    used 13397K, committed 13760K, reserved 1048576K
}
Event: 42.458 GC heap after
{Heap after GC invocations=48 (full 0):
 garbage-first heap   total 252928K, used 143687K [0x0000000080000000, 0x0000000100000000)
  region size 1024K, 12 young (12288K), 12 survivors (12288K)
 Metaspace       used 97382K, committed 98112K, reserved 1138688K
  class space    used 13397K, committed 13760K, reserved 1048576K
}
Event: 42.791 GC heap before
{Heap before GC invocations=48 (full 0):
 garbage-first heap   total 252928K, used 193863K [0x0000000080000000, 0x0000000100000000)
  region size 1024K, 62 young (63488K), 12 survivors (12288K)
 Metaspace       used 97452K, committed 98176K, reserved 1138688K
  class space    used 13398K, committed 13760K, reserved 1048576K
}
Event: 42.868 GC heap after
{Heap after GC invocations=49 (full 0):
 garbage-first heap   total 252928K, used 169472K [0x0000000080000000, 0x0000000100000000)
  region size 1024K, 8 young (8192K), 8 survivors (8192K)
 Metaspace       used 97452K, committed 98176K, reserved 1138688K
  class space    used 13398K, committed 13760K, reserved 1048576K
}
Event: 43.458 GC heap before
{Heap before GC invocations=49 (full 0):
 garbage-first heap   total 252928K, used 198144K [0x0000000080000000, 0x0000000100000000)
  region size 1024K, 37 young (37888K), 8 survivors (8192K)
 Metaspace       used 99946K, committed 100608K, reserved 1138688K
  class space    used 13748K, committed 14080K, reserved 1048576K
}
Event: 43.514 GC heap after
{Heap after GC invocations=50 (full 0):
 garbage-first heap   total 252928K, used 180736K [0x0000000080000000, 0x0000000100000000)
  region size 1024K, 5 young (5120K), 5 survivors (5120K)
 Metaspace       used 99946K, committed 100608K, reserved 1138688K
  class space    used 13748K, committed 14080K, reserved 1048576K
}
Event: 44.174 GC heap before
{Heap before GC invocations=50 (full 0):
 garbage-first heap   total 252928K, used 204288K [0x0000000080000000, 0x0000000100000000)
  region size 1024K, 28 young (28672K), 5 survivors (5120K)
 Metaspace       used 100812K, committed 101504K, reserved 1138688K
  class space    used 13883K, committed 14208K, reserved 1048576K
}
Event: 44.199 GC heap after
{Heap after GC invocations=51 (full 0):
 garbage-first heap   total 252928K, used 184710K [0x0000000080000000, 0x0000000100000000)
  region size 1024K, 3 young (3072K), 3 survivors (3072K)
 Metaspace       used 100812K, committed 101504K, reserved 1138688K
  class space    used 13883K, committed 14208K, reserved 1048576K
}
Event: 44.721 GC heap before
{Heap before GC invocations=51 (full 0):
 garbage-first heap   total 252928K, used 207238K [0x0000000080000000, 0x0000000100000000)
  region size 1024K, 26 young (26624K), 3 survivors (3072K)
 Metaspace       used 101345K, committed 102080K, reserved 1138688K
  class space    used 13957K, committed 14272K, reserved 1048576K
}

