# JRE version: OpenJDK Runtime Environment (17.0.6) (build 17.0.6+0-b2043.56-9586694)
# Java VM: OpenJDK 64-Bit Server VM (17.0.6+0-b2043.56-9586694, mixed mode, tiered, compressed oops, compressed class ptrs, g1 gc, windows-amd64)
GC Precious Log:
 CPUs: 4 total, 4 available
 Memory: 8086M
 Large Page Support: Disabled
 NUMA Support: Disabled
 Compressed Oops: Enabled (32-bit)
 Heap Region Size: 1M
 Heap Min Capacity: 8M
 Heap Initial Capacity: 128M
 Heap Max Capacity: 2G
 Pre-touch: Disabled
 Parallel Workers: 4
 Concurrent Workers: 1
 Concurrent Refinement Workers: 4
 Periodic GC: Disabled
Heap:
 garbage-first heap   total 198656K, used 156022K [0x0000000080000000, 0x0000000100000000)
  region size 1024K, 3 young (3072K), 3 survivors (3072K)
 Metaspace       used 103101K, committed 103744K, reserved 1138688K
  class space    used 14085K, committed 14400K, reserved 1048576K
GC Heap History (20 events):
Event: 39.222 GC heap after
{Heap after GC invocations=50 (full 0):
 garbage-first heap   total 142336K, used 91098K [0x0000000080000000, 0x0000000100000000)
  region size 1024K, 5 young (5120K), 5 survivors (5120K)
 Metaspace       used 88195K, committed 88768K, reserved 1130496K
  class space    used 12042K, committed 12288K, reserved 1048576K
}
Event: 39.261 GC heap before
{Heap before GC invocations=50 (full 0):
 garbage-first heap   total 142336K, used 92122K [0x0000000080000000, 0x0000000100000000)
  region size 1024K, 6 young (6144K), 5 survivors (5120K)
 Metaspace       used 88229K, committed 88896K, reserved 1130496K
  class space    used 12044K, committed 12352K, reserved 1048576K
}
Event: 39.277 GC heap after
{Heap after GC invocations=51 (full 0):
 garbage-first heap   total 193536K, used 91991K [0x0000000080000000, 0x0000000100000000)
  region size 1024K, 1 young (1024K), 1 survivors (1024K)
 Metaspace       used 88229K, committed 88896K, reserved 1130496K
  class space    used 12044K, committed 12352K, reserved 1048576K
}
Event: 40.140 GC heap before
{Heap before GC invocations=51 (full 0):
 garbage-first heap   total 193536K, used 103255K [0x0000000080000000, 0x0000000100000000)
  region size 1024K, 14 young (14336K), 1 survivors (1024K)
 Metaspace       used 88419K, committed 89024K, reserved 1130496K
  class space    used 12058K, committed 12352K, reserved 1048576K
}
Event: 40.157 GC heap after
{Heap after GC invocations=52 (full 0):
 garbage-first heap   total 193536K, used 99328K [0x0000000080000000, 0x0000000100000000)
  region size 1024K, 7 young (7168K), 7 survivors (7168K)
 Metaspace       used 88419K, committed 89024K, reserved 1130496K
  class space    used 12058K, committed 12352K, reserved 1048576K
}
Event: 42.406 GC heap before
{Heap before GC invocations=53 (full 0):
 garbage-first heap   total 198656K, used 159744K [0x0000000080000000, 0x0000000100000000)
  region size 1024K, 52 young (53248K), 7 survivors (7168K)
 Metaspace       used 91579K, committed 92224K, reserved 1130496K
  class space    used 12387K, committed 12672K, reserved 1048576K
}
Event: 42.425 GC heap after
{Heap after GC invocations=54 (full 0):
 garbage-first heap   total 198656K, used 102003K [0x0000000080000000, 0x0000000100000000)
  region size 1024K, 3 young (3072K), 3 survivors (3072K)
 Metaspace       used 91579K, committed 92224K, reserved 1130496K
  class space    used 12387K, committed 12672K, reserved 1048576K
}
Event: 42.795 GC heap before
{Heap before GC invocations=54 (full 0):
 garbage-first heap   total 198656K, used 107123K [0x0000000080000000, 0x0000000100000000)
  region size 1024K, 9 young (9216K), 3 survivors (3072K)
 Metaspace       used 91626K, committed 92224K, reserved 1130496K
  class space    used 12387K, committed 12672K, reserved 1048576K
}
Event: 42.804 GC heap after
{Heap after GC invocations=55 (full 0):
 garbage-first heap   total 198656K, used 101977K [0x0000000080000000, 0x0000000100000000)
  region size 1024K, 1 young (1024K), 1 survivors (1024K)
 Metaspace       used 91626K, committed 92224K, reserved 1130496K
  class space    used 12387K, committed 12672K, reserved 1048576K
}
Event: 44.939 GC heap before
{Heap before GC invocations=55 (full 0):
 garbage-first heap   total 198656K, used 154201K [0x0000000080000000, 0x0000000100000000)
  region size 1024K, 53 young (54272K), 1 survivors (1024K)
 Metaspace       used 94350K, committed 95040K, reserved 1138688K
  class space    used 12730K, committed 13056K, reserved 1048576K
}
Event: 44.952 GC heap after
{Heap after GC invocations=56 (full 0):
 garbage-first heap   total 198656K, used 104850K [0x0000000080000000, 0x0000000100000000)
  region size 1024K, 4 young (4096K), 4 survivors (4096K)
 Metaspace       used 94350K, committed 95040K, reserved 1138688K
  class space    used 12730K, committed 13056K, reserved 1048576K
}
Event: 47.005 GC heap before
{Heap before GC invocations=57 (full 0):
 garbage-first heap   total 198656K, used 162194K [0x0000000080000000, 0x0000000100000000)
  region size 1024K, 54 young (55296K), 4 survivors (4096K)
 Metaspace       used 99788K, committed 100480K, reserved 1138688K
  class space    used 13466K, committed 13760K, reserved 1048576K
}
Event: 47.025 GC heap after
{Heap after GC invocations=58 (full 0):
 garbage-first heap   total 198656K, used 116407K [0x0000000080000000, 0x0000000100000000)
  region size 1024K, 7 young (7168K), 7 survivors (7168K)
 Metaspace       used 99788K, committed 100480K, reserved 1138688K
  class space    used 13466K, committed 13760K, reserved 1048576K
}
Event: 47.080 GC heap before
{Heap before GC invocations=58 (full 0):
 garbage-first heap   total 198656K, used 119479K [0x0000000080000000, 0x0000000100000000)
  region size 1024K, 9 young (9216K), 7 survivors (7168K)
 Metaspace       used 100054K, committed 100736K, reserved 1138688K
  class space    used 13514K, committed 13824K, reserved 1048576K
}
Event: 47.092 GC heap after
{Heap after GC invocations=59 (full 0):
 garbage-first heap   total 198656K, used 113190K [0x0000000080000000, 0x0000000100000000)
  region size 1024K, 1 young (1024K), 1 survivors (1024K)
 Metaspace       used 100054K, committed 100736K, reserved 1138688K
  class space    used 13514K, committed 13824K, reserved 1048576K
}
Event: 49.652 GC heap before
{Heap before GC invocations=59 (full 0):
 garbage-first heap   total 198656K, used 178726K [0x0000000080000000, 0x0000000100000000)
  region size 1024K, 44 young (45056K), 1 survivors (1024K)
 Metaspace       used 100495K, committed 101184K, reserved 1138688K
  class space    used 13574K, committed 13888K, reserved 1048576K
}
Event: 49.684 GC heap after
{Heap after GC invocations=60 (full 0):
 garbage-first heap   total 198656K, used 139264K [0x0000000080000000, 0x0000000100000000)
  region size 1024K, 6 young (6144K), 6 survivors (6144K)
 Metaspace       used 100495K, committed 101184K, reserved 1138688K
  class space    used 13574K, committed 13888K, reserved 1048576K
}
Event: 51.575 GC heap before
{Heap before GC invocations=60 (full 0):
 garbage-first heap   total 198656K, used 160768K [0x0000000080000000, 0x0000000100000000)
  region size 1024K, 27 young (27648K), 6 survivors (6144K)
 Metaspace       used 102999K, committed 103616K, reserved 1138688K
  class space    used 14085K, committed 14400K, reserved 1048576K
}
Event: 51.614 GC heap after
{Heap after GC invocations=61 (full 0):
 garbage-first heap   total 198656K, used 148238K [0x0000000080000000, 0x0000000100000000)
  region size 1024K, 4 young (4096K), 4 survivors (4096K)
 Metaspace       used 102999K, committed 103616K, reserved 1138688K
  class space    used 14085K, committed 14400K, reserved 1048576K
}
Event: 51.917 GC heap before
{Heap before GC invocations=61 (full 0):
 garbage-first heap   total 198656K, used 163598K [0x0000000080000000, 0x0000000100000000)
  region size 1024K, 19 young (19456K), 4 survivors (4096K)
 Metaspace       used 103101K, committed 103744K, reserved 1138688K
  class space    used 14085K, committed 14400K, reserved 1048576K
}

